<?xml version="1.0" encoding="UTF-8"?>
<testng-results ignored="0" total="2" passed="1" failed="1" skipped="0">
  <reporter-output>
  </reporter-output>
  <suite started-at="2024-08-22T01:20:20 IST" name="Suite" finished-at="2024-08-22T01:20:32 IST" duration-ms="12125">
    <groups>
      <group name="cucumber scenarios">
        <method signature="CucumberRunner.scenario(io.cucumber.testng.PickleWrapper,io.cucumber.testng.FeatureWrapper)[pri:0, instance:com.Interview_Assessment.runner.CucumberRunner@6c6cb480]" name="scenario" class="com.Interview_Assessment.runner.CucumberRunner"/>
      </group> <!-- cucumber scenarios -->
    </groups>
    <test started-at="2024-08-22T01:20:20 IST" name="Test" finished-at="2024-08-22T01:20:32 IST" duration-ms="12125">
      <class name="com.Interview_Assessment.runner.CucumberRunner">
        <test-method is-config="true" signature="setUpClass(java.lang.String)[pri:0, instance:com.Interview_Assessment.runner.CucumberRunner@6c6cb480]" started-at="2024-08-22T01:20:18 IST" name="setUpClass" finished-at="2024-08-22T01:20:20 IST" duration-ms="2433" status="PASS">
          <params>
            <param index="0">
              <value>
                <![CDATA[chrome]]>
              </value>
            </param>
          </params>
          <reporter-output>
          </reporter-output>
        </test-method> <!-- setUpClass -->
        <test-method signature="scenario(io.cucumber.testng.PickleWrapper,io.cucumber.testng.FeatureWrapper)[pri:0, instance:com.Interview_Assessment.runner.CucumberRunner@6c6cb480]" started-at="2024-08-22T01:20:20 IST" name="scenario" description="Runs Cucumber Scenarios" data-provider="scenarios" finished-at="2024-08-22T01:20:25 IST" duration-ms="4856" status="FAIL">
          <params>
            <param index="0">
              <value>
                <![CDATA["Validate the location details of the home feed contents"]]>
              </value>
            </param>
            <param index="1">
              <value>
                <![CDATA["Optional[Kynhood Home page Validation]"]]>
              </value>
            </param>
          </params>
          <exception class="java.lang.AssertionError">
            <message>
              <![CDATA[The following asserts failed:
expected [true] but found [false]]]>
            </message>
            <full-stacktrace>
              <![CDATA[java.lang.AssertionError: The following asserts failed:
expected [true] but found [false]
at org.testng.asserts.SoftAssert.assertAll(SoftAssert.java:47)
at org.testng.asserts.SoftAssert.assertAll(SoftAssert.java:31)
at com.Interview_Assessment.pages.HomePage.verifyFeedLocation(HomePage.java:68)
at com.Interview_Assessment.stepDefinitions.StepDefinitions.user_verify_the_location_mapped_to_these_contents_is_either_or_or(StepDefinitions.java:29)
at âœ½.User verify the location mapped to these contents is either "Anna Nagar" or "Mylapore" or "T Nagar"(file:///D:/Navin_Workspace/Interview_Assessment/./src/test/resources/com/features/FeatureFiles/Kynhood_home.feature:7)
]]>
            </full-stacktrace>
          </exception> <!-- java.lang.AssertionError -->
          <reporter-output>
          </reporter-output>
        </test-method> <!-- scenario -->
        <test-method signature="scenario(io.cucumber.testng.PickleWrapper,io.cucumber.testng.FeatureWrapper)[pri:0, instance:com.Interview_Assessment.runner.CucumberRunner@6c6cb480]" started-at="2024-08-22T01:20:25 IST" name="scenario" description="Runs Cucumber Scenarios" data-provider="scenarios" finished-at="2024-08-22T01:20:30 IST" duration-ms="4823" status="PASS">
          <params>
            <param index="0">
              <value>
                <![CDATA["Validate the contents of the first two klips"]]>
              </value>
            </param>
            <param index="1">
              <value>
                <![CDATA["Optional[Kynhood Home page Validation]"]]>
              </value>
            </param>
          </params>
          <reporter-output>
          </reporter-output>
        </test-method> <!-- scenario -->
        <test-method is-config="true" signature="tearDownClass()[pri:0, instance:com.Interview_Assessment.runner.CucumberRunner@6c6cb480]" started-at="2024-08-22T01:20:30 IST" name="tearDownClass" finished-at="2024-08-22T01:20:32 IST" duration-ms="2408" status="PASS">
          <reporter-output>
          </reporter-output>
        </test-method> <!-- tearDownClass -->
        <test-method is-config="true" signature="closeBrowser()[pri:0, instance:com.Interview_Assessment.runner.CucumberRunner@6c6cb480]" started-at="2024-08-22T01:20:32 IST" name="closeBrowser" finished-at="2024-08-22T01:20:33 IST" duration-ms="315" status="PASS">
          <reporter-output>
          </reporter-output>
        </test-method> <!-- closeBrowser -->
      </class> <!-- com.Interview_Assessment.runner.CucumberRunner -->
    </test> <!-- Test -->
  </suite> <!-- Suite -->
</testng-results>
