<?xml version="1.0" encoding="UTF-8"?>
<!-- Generated by org.testng.reporters.JUnitReportReporter -->
<testsuite hostname="Navin" failures="1" tests="2" name="com.Interview_Assessment.runner.CucumberRunner" time="9.679" errors="0" timestamp="2024-08-22T01:20:33 IST" skipped="0">
  <testcase classname="com.Interview_Assessment.runner.CucumberRunner" name="scenario" time="4.856">
    <failure message="The following asserts failed:
	expected [true] but found [false]" type="java.lang.AssertionError">
      <![CDATA[java.lang.AssertionError: The following asserts failed:
expected [true] but found [false]
at org.testng.asserts.SoftAssert.assertAll(SoftAssert.java:47)
at org.testng.asserts.SoftAssert.assertAll(SoftAssert.java:31)
at com.Interview_Assessment.pages.HomePage.verifyFeedLocation(HomePage.java:68)
at com.Interview_Assessment.stepDefinitions.StepDefinitions.user_verify_the_location_mapped_to_these_contents_is_either_or_or(StepDefinitions.java:29)
at âœ½.User verify the location mapped to these contents is either "Anna Nagar" or "Mylapore" or "T Nagar"(file:///D:/Navin_Workspace/Interview_Assessment/./src/test/resources/com/features/FeatureFiles/Kynhood_home.feature:7)
]]>
    </failure>
  </testcase> <!-- scenario -->
  <system-out/>
  <testcase classname="com.Interview_Assessment.runner.CucumberRunner" name="scenario" time="4.823"/>
  <system-out/>
</testsuite> <!-- com.Interview_Assessment.runner.CucumberRunner -->
